生成启动时间为 2015/4/24 11:29:20。
     1>项目“D:\workspace\miniFTP\miniFTP.vcxproj”在节点 2 上(Rebuild 个目标)。
     1>ClCompile:
         C:\Program Files (x86)\Microsoft Visual Studio 12.0\VC\bin\CL.exe /c /Zi /nologo /W3 /WX- /sdl /MP /O2 /Oi /Oy- /GL /D _MBCS /Gm- /EHsc /MD /GS /Gy /fp:precise /Zc:wchar_t /Zc:forScope /Fo"Release\\" /Fd"Release\vc120.pdb" /Gd /TP /analyze- /errorReport:prompt ftpclient.cpp ftpserver.cpp main.cpp tcpclient.cpp testunit.cpp
         ftpclient.cpp
         ftpserver.cpp
         main.cpp
         tcpclient.cpp
         testunit.cpp
     1>ftpclient.cpp(60): warning C4805: “==”: 在操作中将类型“BOOL”与类型“bool”混合不安全
       Link:
         C:\Program Files (x86)\Microsoft Visual Studio 12.0\VC\bin\link.exe /ERRORREPORT:PROMPT /OUT:"D:\workspace\miniFTP\Release\miniFTP.exe" /NOLOGO Ws2_32.lib kernel32.lib user32.lib gdi32.lib winspool.lib comdlg32.lib advapi32.lib shell32.lib ole32.lib oleaut32.lib uuid.lib odbc32.lib odbccp32.lib /MANIFEST /MANIFESTUAC:"level='asInvoker' uiAccess='false'" /manifest:embed /DEBUG /PDB:"D:\workspace\miniFTP\Release\miniFTP.pdb" /OPT:REF /OPT:ICF /LTCG /TLBID:1 /DYNAMICBASE /NXCOMPAT /IMPLIB:"D:\workspace\miniFTP\Release\miniFTP.lib" /MACHINE:X86 /SAFESEH Release\ftpclient.obj
         Release\ftpserver.obj
         Release\main.obj
         Release\tcpclient.obj
         Release\testunit.obj
         正在生成代码
         已完成代码的生成
         miniFTP.vcxproj -> D:\workspace\miniFTP\Release\miniFTP.exe
     1>已完成生成项目“D:\workspace\miniFTP\miniFTP.vcxproj”(Rebuild 个目标)的操作。

生成成功。

已用时间 00:00:04.82
